{
"contracts/Voting.sol":{"l":{"41":27,"42":23,"50":3,"54":4,"61":18,"62":17,"64":16,"65":16,"72":8,"73":7,"76":6,"77":6,"78":6,"79":6,"85":8,"86":7,"87":6,"89":5,"90":5,"91":5,"93":5,"100":18,"101":17,"103":17,"104":17,"105":17,"107":17,"111":11,"112":10,"113":10,"117":9,"118":8,"119":8,"123":4,"124":3,"125":3,"130":3,"131":2,"132":2,"133":5,"134":2,"137":2,"139":2,"140":2},"path":"/Users/bpresles/CloudLibre/Documents/Formations/Alyra - Blockchain/Voting/contracts/Voting.sol","s":{"1":27,"2":3,"3":4,"4":18,"5":17,"6":16,"7":8,"8":7,"9":6,"10":6,"11":6,"12":8,"13":7,"14":6,"15":5,"16":18,"17":17,"18":17,"19":17,"20":11,"21":10,"22":9,"23":8,"24":4,"25":3,"26":3,"27":2,"28":2,"29":5,"30":2},"b":{"1":[23,4],"2":[3,1],"3":[4,1],"4":[18,1],"5":[17,1],"6":[16,1],"7":[8,1],"8":[7,1],"9":[6,1],"10":[8,1],"11":[7,1],"12":[6,1],"13":[5,1],"14":[18,1],"15":[17,1],"16":[11,1],"17":[10,1],"18":[9,1],"19":[8,1],"20":[4,1],"21":[3,1],"22":[3,1],"23":[2,1],"24":[2,3]},"f":{"1":27,"2":3,"3":4,"4":18,"5":8,"6":8,"7":18,"8":11,"9":9,"10":4,"11":3},"fnMap":{"1":{"name":"onlyVoters","line":40,"loc":{"start":{"line":40,"column":4},"end":{"line":43,"column":4}}},"2":{"name":"getVoter","line":49,"loc":{"start":{"line":49,"column":4},"end":{"line":51,"column":4}}},"3":{"name":"getOneProposal","line":53,"loc":{"start":{"line":53,"column":4},"end":{"line":55,"column":4}}},"4":{"name":"addVoter","line":60,"loc":{"start":{"line":60,"column":4},"end":{"line":66,"column":4}}},"5":{"name":"addProposal","line":71,"loc":{"start":{"line":71,"column":4},"end":{"line":80,"column":4}}},"6":{"name":"setVote","line":84,"loc":{"start":{"line":84,"column":4},"end":{"line":94,"column":4}}},"7":{"name":"startProposalsRegistering","line":99,"loc":{"start":{"line":99,"column":4},"end":{"line":108,"column":4}}},"8":{"name":"endProposalsRegistering","line":110,"loc":{"start":{"line":110,"column":4},"end":{"line":114,"column":4}}},"9":{"name":"startVotingSession","line":116,"loc":{"start":{"line":116,"column":4},"end":{"line":120,"column":4}}},"10":{"name":"endVotingSession","line":122,"loc":{"start":{"line":122,"column":4},"end":{"line":126,"column":4}}},"11":{"name":"tallyVotes","line":129,"loc":{"start":{"line":129,"column":3},"end":{"line":141,"column":4}}}},"statementMap":{"1":{"start":{"line":41,"column":8},"end":{"line":41,"column":69}},"2":{"start":{"line":50,"column":8},"end":{"line":50,"column":28}},"3":{"start":{"line":54,"column":8},"end":{"line":54,"column":34}},"4":{"start":{"line":61,"column":8},"end":{"line":61,"column":105}},"5":{"start":{"line":62,"column":8},"end":{"line":62,"column":72}},"6":{"start":{"line":65,"column":8},"end":{"line":65,"column":35}},"7":{"start":{"line":72,"column":8},"end":{"line":72,"column":110}},"8":{"start":{"line":73,"column":8},"end":{"line":73,"column":112}},"9":{"start":{"line":76,"column":8},"end":{"line":76,"column":32}},"10":{"start":{"line":78,"column":8},"end":{"line":78,"column":36}},"11":{"start":{"line":79,"column":8},"end":{"line":79,"column":56}},"12":{"start":{"line":85,"column":8},"end":{"line":85,"column":106}},"13":{"start":{"line":86,"column":8},"end":{"line":86,"column":77}},"14":{"start":{"line":87,"column":8},"end":{"line":87,"column":65}},"15":{"start":{"line":93,"column":8},"end":{"line":93,"column":35}},"16":{"start":{"line":100,"column":8},"end":{"line":100,"column":111}},"17":{"start":{"line":103,"column":8},"end":{"line":103,"column":32}},"18":{"start":{"line":105,"column":8},"end":{"line":105,"column":36}},"19":{"start":{"line":107,"column":8},"end":{"line":107,"column":112}},"20":{"start":{"line":111,"column":8},"end":{"line":111,"column":121}},"21":{"start":{"line":113,"column":8},"end":{"line":113,"column":121}},"22":{"start":{"line":117,"column":8},"end":{"line":117,"column":122}},"23":{"start":{"line":119,"column":8},"end":{"line":119,"column":113}},"24":{"start":{"line":123,"column":8},"end":{"line":123,"column":106}},"25":{"start":{"line":125,"column":8},"end":{"line":125,"column":105}},"26":{"start":{"line":130,"column":7},"end":{"line":130,"column":112}},"27":{"start":{"line":131,"column":7},"end":{"line":131,"column":30}},"28":{"start":{"line":132,"column":6},"end":{"line":132,"column":4815}},"29":{"start":{"line":133,"column":11},"end":{"line":133,"column":4883}},"30":{"start":{"line":140,"column":7},"end":{"line":140,"column":96}}},"branchMap":{"1":{"line":41,"type":"if","locations":[{"start":{"line":41,"column":8},"end":{"line":41,"column":8}},{"start":{"line":41,"column":8},"end":{"line":41,"column":8}}]},"2":{"line":49,"type":"if","locations":[{"start":{"line":49,"column":46},"end":{"line":49,"column":46}},{"start":{"line":49,"column":46},"end":{"line":49,"column":46}}]},"3":{"line":53,"type":"if","locations":[{"start":{"line":53,"column":47},"end":{"line":53,"column":47}},{"start":{"line":53,"column":47},"end":{"line":53,"column":47}}]},"4":{"line":60,"type":"if","locations":[{"start":{"line":60,"column":46},"end":{"line":60,"column":46}},{"start":{"line":60,"column":46},"end":{"line":60,"column":46}}]},"5":{"line":61,"type":"if","locations":[{"start":{"line":61,"column":8},"end":{"line":61,"column":8}},{"start":{"line":61,"column":8},"end":{"line":61,"column":8}}]},"6":{"line":62,"type":"if","locations":[{"start":{"line":62,"column":8},"end":{"line":62,"column":8}},{"start":{"line":62,"column":8},"end":{"line":62,"column":8}}]},"7":{"line":71,"type":"if","locations":[{"start":{"line":71,"column":57},"end":{"line":71,"column":57}},{"start":{"line":71,"column":57},"end":{"line":71,"column":57}}]},"8":{"line":72,"type":"if","locations":[{"start":{"line":72,"column":8},"end":{"line":72,"column":8}},{"start":{"line":72,"column":8},"end":{"line":72,"column":8}}]},"9":{"line":73,"type":"if","locations":[{"start":{"line":73,"column":8},"end":{"line":73,"column":8}},{"start":{"line":73,"column":8},"end":{"line":73,"column":8}}]},"10":{"line":84,"type":"if","locations":[{"start":{"line":84,"column":41},"end":{"line":84,"column":41}},{"start":{"line":84,"column":41},"end":{"line":84,"column":41}}]},"11":{"line":85,"type":"if","locations":[{"start":{"line":85,"column":8},"end":{"line":85,"column":8}},{"start":{"line":85,"column":8},"end":{"line":85,"column":8}}]},"12":{"line":86,"type":"if","locations":[{"start":{"line":86,"column":8},"end":{"line":86,"column":8}},{"start":{"line":86,"column":8},"end":{"line":86,"column":8}}]},"13":{"line":87,"type":"if","locations":[{"start":{"line":87,"column":8},"end":{"line":87,"column":8}},{"start":{"line":87,"column":8},"end":{"line":87,"column":8}}]},"14":{"line":99,"type":"if","locations":[{"start":{"line":99,"column":50},"end":{"line":99,"column":50}},{"start":{"line":99,"column":50},"end":{"line":99,"column":50}}]},"15":{"line":100,"type":"if","locations":[{"start":{"line":100,"column":8},"end":{"line":100,"column":8}},{"start":{"line":100,"column":8},"end":{"line":100,"column":8}}]},"16":{"line":110,"type":"if","locations":[{"start":{"line":110,"column":48},"end":{"line":110,"column":48}},{"start":{"line":110,"column":48},"end":{"line":110,"column":48}}]},"17":{"line":111,"type":"if","locations":[{"start":{"line":111,"column":8},"end":{"line":111,"column":8}},{"start":{"line":111,"column":8},"end":{"line":111,"column":8}}]},"18":{"line":116,"type":"if","locations":[{"start":{"line":116,"column":43},"end":{"line":116,"column":43}},{"start":{"line":116,"column":43},"end":{"line":116,"column":43}}]},"19":{"line":117,"type":"if","locations":[{"start":{"line":117,"column":8},"end":{"line":117,"column":8}},{"start":{"line":117,"column":8},"end":{"line":117,"column":8}}]},"20":{"line":122,"type":"if","locations":[{"start":{"line":122,"column":41},"end":{"line":122,"column":41}},{"start":{"line":122,"column":41},"end":{"line":122,"column":41}}]},"21":{"line":123,"type":"if","locations":[{"start":{"line":123,"column":8},"end":{"line":123,"column":8}},{"start":{"line":123,"column":8},"end":{"line":123,"column":8}}]},"22":{"line":129,"type":"if","locations":[{"start":{"line":129,"column":34},"end":{"line":129,"column":34}},{"start":{"line":129,"column":34},"end":{"line":129,"column":34}}]},"23":{"line":130,"type":"if","locations":[{"start":{"line":130,"column":7},"end":{"line":130,"column":7}},{"start":{"line":130,"column":7},"end":{"line":130,"column":7}}]},"24":{"line":133,"type":"if","locations":[{"start":{"line":133,"column":11},"end":{"line":133,"column":11}},{"start":{"line":133,"column":11},"end":{"line":133,"column":11}}]}}}}
